<?xml version="1.0" encoding="UTF-8"?>
<!-- Generated by org.testng.reporters.JUnitReportReporter -->
<testsuite hostname="KIN-06" failures="0" tests="1" name="com.qa.testscripts.LoginTest" time="14.274" errors="0" timestamp="2025-01-14T22:29:28 PKT" skipped="0">
  <testcase classname="com.qa.testscripts.LoginTest" name="verifyLogin" time="14.274"/>
  <system-out/>
</testsuite> <!-- com.qa.testscripts.LoginTest -->
